<?xml version="1.0" encoding="UTF-8"?>
<!-- Generated by org.testng.reporters.JUnitXMLReporter -->
<testsuite hostname="Samis-MacBook-Pro.local" ignored="0" name="Default test" tests="3" failures="0" timestamp="18 Jun 2018 02:56:38 GMT" time="3.146" errors="0">
  <testcase name="post_MY_Tweet" time="1.737" classname="com.Twitter.Sami.Twitter_Play_With_Posts"/>
  <testcase name="read_MY_Tweet" time="0.476" classname="com.Twitter.Sami.Twitter_Play_With_Posts"/>
  <testcase name="delete_Tweet_ByID" time="0.382" classname="com.Twitter.Sami.Twitter_Play_With_Posts"/>
</testsuite> <!-- Default test -->
